<?xml version="1.0" encoding="UTF-8"?>
<testsuite xmlns:xsi="http://www.w3.org/2001/XMLSchema-instance" xsi:noNamespaceSchemaLocation="https://maven.apache.org/surefire/maven-surefire-plugin/xsd/surefire-test-report-3.0.xsd" version="3.0" name="it.uniroma2.ispw.globe.bean.RequestBeanTest" time="0.122" tests="9" errors="0" skipped="0" failures="0">
  <properties>
[...]
</properties>
  <testcase name="testSetOtherRequestsCorrect" classname="it.uniroma2.ispw.globe.bean.RequestBeanTest" time="0.02"/>
  <testcase name="testSetDayNumCorrect" classname="it.uniroma2.ispw.globe.bean.RequestBeanTest" time="0.001"/>
  <testcase name="testSetAcceptedIncorrect(String)[1]" classname="it.uniroma2.ispw.globe.bean.RequestBeanTest" time="0.027"/>
  <testcase name="testSetAcceptedIncorrect(String)[2]" classname="it.uniroma2.ispw.globe.bean.RequestBeanTest" time="0.001"/>
  <testcase name="testSetDayNumIncorrect(int)[1]" classname="it.uniroma2.ispw.globe.bean.RequestBeanTest" time="0.004"/>
  <testcase name="testSetDayNumIncorrect(int)[2]" classname="it.uniroma2.ispw.globe.bean.RequestBeanTest" time="0.0"/>
  <testcase name="testSetOtherRequestsIncorrect(String)[1]" classname="it.uniroma2.ispw.globe.bean.RequestBeanTest" time="0.002"/>
  <testcase name="testSetOtherRequestsIncorrect(String)[2]" classname="it.uniroma2.ispw.globe.bean.RequestBeanTest" time="0.0"/>
  <testcase name="testSetAcceptedCorrect" classname="it.uniroma2.ispw.globe.bean.RequestBeanTest" time="0.001"/>
</testsuite>